<?xml version="1.0" encoding="UTF-8"?>
<robot generator="Robot 4.1.3 (Python 3.10.2 on win32)" generated="20220413 13:55:12.569" rpa="false" schemaversion="2">
<suite id="s1" name="Select Column" source="C:\Users\joaki\PycharmProjects\Sprint2AG18\Tests\select_column.robot">
<kw name="Start WebTest" library="mainResource" type="SETUP">
<kw name="Open Browser" library="SeleniumLibrary">
<arg>about:blank</arg>
<arg>chrome</arg>
<doc>Opens a new browser instance to the optional ``url``.</doc>
<msg timestamp="20220413 13:55:12.773" level="INFO">Opening browser 'chrome' to base url 'about:blank'.</msg>
<status status="PASS" starttime="20220413 13:55:12.773" endtime="20220413 13:55:14.068"/>
</kw>
<kw name="Maximize Browser Window" library="SeleniumLibrary">
<doc>Maximizes current browser window.</doc>
<status status="PASS" starttime="20220413 13:55:14.068" endtime="20220413 13:55:14.189"/>
</kw>
<kw name="Go To" library="SeleniumLibrary">
<arg>https://app.labelf.ai/login</arg>
<doc>Navigates the current browser window to the provided ``url``.</doc>
<msg timestamp="20220413 13:55:14.189" level="INFO">Opening url 'https://app.labelf.ai/login'</msg>
<status status="PASS" starttime="20220413 13:55:14.189" endtime="20220413 13:55:16.166"/>
</kw>
<kw name="Wait Until Element Is Visible" library="SeleniumLibrary">
<arg>//*[@id="diffuse-cookie-notice"]/div/div/div/div[2]/div</arg>
<doc>Waits until the element ``locator`` is visible.</doc>
<status status="PASS" starttime="20220413 13:55:16.166" endtime="20220413 13:55:16.197"/>
</kw>
<kw name="Click Button" library="SeleniumLibrary">
<arg>//*[@id="diffuse-cookie-notice"]/div/div/div/div[2]/button[3]</arg>
<doc>Clicks the button identified by ``locator``.</doc>
<msg timestamp="20220413 13:55:16.198" level="INFO">Clicking button '//*[@id="diffuse-cookie-notice"]/div/div/div/div[2]/button[3]'.</msg>
<status status="PASS" starttime="20220413 13:55:16.197" endtime="20220413 13:55:16.269"/>
</kw>
<status status="PASS" starttime="20220413 13:55:12.772" endtime="20220413 13:55:16.269"/>
</kw>
<test id="s1-t1" name="User Can Select Column Containing The Labels">
<kw name="Given A Dataset With Existing Labels Has Been Selected" library="select_column_resources">
<kw name="Login" library="mainResource">
<kw name="Enter Account Information" library="mainResource">
<kw name="Input Text" library="SeleniumLibrary">
<arg>//*[@id="app"]/div/main/div/div/div/div/div/div[1]/form/div[1]/div[2]/div[1]/div/input</arg>
<arg>${e-mail}</arg>
<doc>Types the given ``text`` into the text field identified by ``locator``.</doc>
<msg timestamp="20220413 13:55:16.275" level="INFO">Typing text 'oskar.hagman@iths.se' into text field '//*[@id="app"]/div/main/div/div/div/div/div/div[1]/form/div[1]/div[2]/div[1]/div/input'.</msg>
<status status="PASS" starttime="20220413 13:55:16.274" endtime="20220413 13:55:16.578"/>
</kw>
<kw name="Input Text" library="SeleniumLibrary">
<arg>//*[@id="password"]</arg>
<arg>${password}</arg>
<doc>Types the given ``text`` into the text field identified by ``locator``.</doc>
<msg timestamp="20220413 13:55:16.580" level="INFO">Typing text '123456789' into text field '//*[@id="password"]'.</msg>
<status status="PASS" starttime="20220413 13:55:16.579" endtime="20220413 13:55:16.687"/>
</kw>
<kw name="Wait Until Page Contains" library="SeleniumLibrary">
<arg>Labelf</arg>
<doc>Waits until ``text`` appears on the current page.</doc>
<status status="PASS" starttime="20220413 13:55:16.688" endtime="20220413 13:55:16.701"/>
</kw>
<status status="PASS" starttime="20220413 13:55:16.273" endtime="20220413 13:55:16.701"/>
</kw>
<kw name="Press Login Button" library="mainResource">
<kw name="Click Element" library="SeleniumLibrary">
<arg>//*[@id="app"]/div/main/div/div/div/div/div/div[2]/button[2]</arg>
<doc>Click the element identified by ``locator``.</doc>
<msg timestamp="20220413 13:55:16.701" level="INFO">Clicking element '//*[@id="app"]/div/main/div/div/div/div/div/div[2]/button[2]'.</msg>
<status status="PASS" starttime="20220413 13:55:16.701" endtime="20220413 13:55:16.759"/>
</kw>
<status status="PASS" starttime="20220413 13:55:16.701" endtime="20220413 13:55:16.760"/>
</kw>
<kw name="Verify Login" library="mainResource">
<kw name="Wait Until Page Contains" library="SeleniumLibrary">
<arg>Models</arg>
<doc>Waits until ``text`` appears on the current page.</doc>
<status status="PASS" starttime="20220413 13:55:16.760" endtime="20220413 13:55:17.213"/>
</kw>
<status status="PASS" starttime="20220413 13:55:16.760" endtime="20220413 13:55:17.213"/>
</kw>
<status status="PASS" starttime="20220413 13:55:16.272" endtime="20220413 13:55:17.214"/>
</kw>
<kw name="Press Create New Model" library="createModelResource">
<kw name="Wait Until Page Contains Element" library="SeleniumLibrary">
<arg>${newmodelbutton}</arg>
<doc>Waits until the element ``locator`` appears on the current page.</doc>
<status status="PASS" starttime="20220413 13:55:17.214" endtime="20220413 13:55:17.447"/>
</kw>
<kw name="Click Element" library="SeleniumLibrary">
<arg>${newmodelbutton}</arg>
<doc>Click the element identified by ``locator``.</doc>
<msg timestamp="20220413 13:55:17.448" level="INFO">Clicking element '//*[@id="app"]/div[6]/div[1]/main/div/div/div[1]/nav/div[1]/a'.</msg>
<status status="PASS" starttime="20220413 13:55:17.448" endtime="20220413 13:55:17.500"/>
</kw>
<status status="PASS" starttime="20220413 13:55:17.214" endtime="20220413 13:55:17.500"/>
</kw>
<kw name="Press Continue To Model Creation" library="createModelResource">
<kw name="Wait Until Page Contains Element" library="SeleniumLibrary">
<arg>${continueButton}</arg>
<doc>Waits until the element ``locator`` appears on the current page.</doc>
<status status="PASS" starttime="20220413 13:55:17.500" endtime="20220413 13:55:17.970"/>
</kw>
<kw name="Click Element" library="SeleniumLibrary">
<arg>${continueButton}</arg>
<doc>Click the element identified by ``locator``.</doc>
<msg timestamp="20220413 13:55:17.970" level="INFO">Clicking element '//*[@id="app"]/div[2]/div/div/div[2]/div/div[1]/div/div/div[2]'.</msg>
<status status="PASS" starttime="20220413 13:55:17.970" endtime="20220413 13:55:18.119"/>
</kw>
<status status="PASS" starttime="20220413 13:55:17.500" endtime="20220413 13:55:18.119"/>
</kw>
<kw name="Choose Dataset" library="select_column_resources">
<kw name="Wait Until Element Is Visible" library="SeleniumLibrary">
<arg>${choose_dataset_untrained_model}</arg>
<doc>Waits until the element ``locator`` is visible.</doc>
<status status="PASS" starttime="20220413 13:55:18.120" endtime="20220413 13:55:18.182"/>
</kw>
<kw name="Scroll Element Into View" library="SeleniumLibrary">
<arg>${choosedatasetbutton}</arg>
<doc>Scrolls the element identified by ``locator`` into view.</doc>
<status status="PASS" starttime="20220413 13:55:18.182" endtime="20220413 13:55:18.459"/>
</kw>
<kw name="Click Element" library="SeleniumLibrary">
<arg>${choose_dataset_untrained_model}</arg>
<doc>Click the element identified by ``locator``.</doc>
<msg timestamp="20220413 13:55:18.460" level="INFO">Clicking element '//*[@id="app"]/div[2]/div/div/div[2]/div/div[2]/div/div[2]/div/div[2]/div/div/div[2]/button'.</msg>
<status status="PASS" starttime="20220413 13:55:18.459" endtime="20220413 13:55:18.513"/>
</kw>
<kw name="Wait Until Page Contains" library="SeleniumLibrary">
<arg>Please click on the column containing the text you want to classify</arg>
<doc>Waits until ``text`` appears on the current page.</doc>
<status status="PASS" starttime="20220413 13:55:18.513" endtime="20220413 13:55:18.525"/>
</kw>
<status status="PASS" starttime="20220413 13:55:18.120" endtime="20220413 13:55:18.526"/>
</kw>
<status status="PASS" starttime="20220413 13:55:16.271" endtime="20220413 13:55:18.526"/>
</kw>
<kw name="And &quot;Train Directly On Labels From An Existing Column&quot; Has Been Enabled" library="select_column_resources">
<kw name="Enable Train Directly On Labels" library="select_column_resources">
<kw name="Wait Until Element Is Enabled" library="SeleniumLibrary">
<arg>${label_switch}</arg>
<doc>Waits until the element ``locator`` is enabled.</doc>
<status status="PASS" starttime="20220413 13:55:18.527" endtime="20220413 13:55:18.792"/>
</kw>
<kw name="Click Element" library="SeleniumLibrary">
<arg>${label_switch}</arg>
<doc>Click the element identified by ``locator``.</doc>
<msg timestamp="20220413 13:55:18.793" level="INFO">Clicking element '//*[@id="app"]/div[2]/div/div/div[2]/div/div[3]/div/div/nav/div/div[3]/div[2]/div[1]/div'.</msg>
<status status="PASS" starttime="20220413 13:55:18.793" endtime="20220413 13:55:18.863"/>
</kw>
<status status="PASS" starttime="20220413 13:55:18.527" endtime="20220413 13:55:18.864"/>
</kw>
<kw name="Verify Train Directly On Labels Is Enabled" library="select_column_resources">
<kw name="Wait Until Page Contains" library="SeleniumLibrary">
<arg>Select the column which contains the labels</arg>
<doc>Waits until ``text`` appears on the current page.</doc>
<status status="PASS" starttime="20220413 13:55:18.864" endtime="20220413 13:55:18.879"/>
</kw>
<status status="PASS" starttime="20220413 13:55:18.864" endtime="20220413 13:55:18.879"/>
</kw>
<status status="PASS" starttime="20220413 13:55:18.526" endtime="20220413 13:55:18.879"/>
</kw>
<kw name="When The User Clicks Continue" library="select_column_resources">
<kw name="Press Continue" library="select_column_resources">
<kw name="Wait Until Element Is Visible" library="SeleniumLibrary">
<arg>${continue_button2}</arg>
<doc>Waits until the element ``locator`` is visible.</doc>
<status status="PASS" starttime="20220413 13:55:18.880" endtime="20220413 13:55:18.905"/>
</kw>
<kw name="Click Element" library="SeleniumLibrary">
<arg>${continue_button2}</arg>
<doc>Click the element identified by ``locator``.</doc>
<msg timestamp="20220413 13:55:18.908" level="INFO">Clicking element '//*[@id="app"]/div[2]/div/div/div[2]/div/div[3]/div/div/div[2]/button'.</msg>
<status status="PASS" starttime="20220413 13:55:18.906" endtime="20220413 13:55:19.027"/>
</kw>
<kw name="Verify Continue Is Pressed" library="select_column_resources">
<kw name="Wait Until Page Contains" library="SeleniumLibrary">
<arg>Please click on the column containing the labels</arg>
<doc>Waits until ``text`` appears on the current page.</doc>
<status status="PASS" starttime="20220413 13:55:19.028" endtime="20220413 13:55:19.044"/>
</kw>
<status status="PASS" starttime="20220413 13:55:19.028" endtime="20220413 13:55:19.044"/>
</kw>
<status status="PASS" starttime="20220413 13:55:18.880" endtime="20220413 13:55:19.044"/>
</kw>
<status status="PASS" starttime="20220413 13:55:18.880" endtime="20220413 13:55:19.044"/>
</kw>
<kw name="Then It Shall Be Possible To Select A Column Which Contains The Labels" library="select_column_resources">
<kw name="Press Intent Checkbox" library="select_column_resources">
<kw name="Wait Until Element Is Visible" library="SeleniumLibrary">
<arg>${intent_checkbox}</arg>
<doc>Waits until the element ``locator`` is visible.</doc>
<status status="PASS" starttime="20220413 13:55:19.046" endtime="20220413 13:55:19.312"/>
</kw>
<kw name="Click Element" library="SeleniumLibrary">
<arg>${intent_checkbox}</arg>
<doc>Click the element identified by ``locator``.</doc>
<msg timestamp="20220413 13:55:19.313" level="INFO">Clicking element '//*[@id="app"]/div[2]/div/div/div[2]/div/div[4]/div/div/div[1]/div/table/thead/tr[1]/th[2]'.</msg>
<status status="PASS" starttime="20220413 13:55:19.313" endtime="20220413 13:55:19.366"/>
</kw>
<status status="PASS" starttime="20220413 13:55:19.046" endtime="20220413 13:55:19.366"/>
</kw>
<kw name="Verify Intent Button Is Checked" library="select_column_resources">
<kw name="Get Text" library="SeleniumLibrary">
<var>${check_box2}</var>
<arg>${intent_checkbox}/i</arg>
<doc>Returns the text value of the element identified by ``locator``.</doc>
<msg timestamp="20220413 13:55:19.397" level="INFO">${check_box2} = check_box</msg>
<status status="PASS" starttime="20220413 13:55:19.367" endtime="20220413 13:55:19.397"/>
</kw>
<kw name="Should Be Equal As Strings" library="BuiltIn">
<arg>${check_box2}</arg>
<arg>${checkbox_should_be}</arg>
<doc>Fails if objects are unequal after converting them to strings.</doc>
<status status="PASS" starttime="20220413 13:55:19.397" endtime="20220413 13:55:19.397"/>
</kw>
<status status="PASS" starttime="20220413 13:55:19.367" endtime="20220413 13:55:19.397"/>
</kw>
<kw name="Press Category Checkbox" library="select_column_resources">
<kw name="Wait Until Element Is Visible" library="SeleniumLibrary">
<arg>${category_checkbox}</arg>
<doc>Waits until the element ``locator`` is visible.</doc>
<status status="PASS" starttime="20220413 13:55:19.397" endtime="20220413 13:55:19.419"/>
</kw>
<kw name="Click Element" library="SeleniumLibrary">
<arg>${category_checkbox}</arg>
<doc>Click the element identified by ``locator``.</doc>
<msg timestamp="20220413 13:55:19.420" level="INFO">Clicking element '//*[@id="app"]/div[2]/div/div/div[2]/div/div[4]/div/div/div[1]/div/table/thead/tr[1]/th[1]'.</msg>
<status status="PASS" starttime="20220413 13:55:19.419" endtime="20220413 13:55:19.468"/>
</kw>
<status status="PASS" starttime="20220413 13:55:19.397" endtime="20220413 13:55:19.468"/>
</kw>
<kw name="Verify Category Button Is Checked" library="select_column_resources">
<kw name="Get Text" library="SeleniumLibrary">
<var>${check_box1}</var>
<arg>${category_checkbox}/i</arg>
<doc>Returns the text value of the element identified by ``locator``.</doc>
<msg timestamp="20220413 13:55:19.496" level="INFO">${check_box1} = check_box</msg>
<status status="PASS" starttime="20220413 13:55:19.468" endtime="20220413 13:55:19.496"/>
</kw>
<kw name="Should Be Equal As Strings" library="BuiltIn">
<arg>${check_box1}</arg>
<arg>${checkbox_should_be}</arg>
<doc>Fails if objects are unequal after converting them to strings.</doc>
<status status="PASS" starttime="20220413 13:55:19.497" endtime="20220413 13:55:19.498"/>
</kw>
<status status="PASS" starttime="20220413 13:55:19.468" endtime="20220413 13:55:19.498"/>
</kw>
<kw name="Exit Model Creation" library="select_column_resources">
<kw name="Click Element" library="SeleniumLibrary">
<arg>${exit_button}</arg>
<doc>Click the element identified by ``locator``.</doc>
<msg timestamp="20220413 13:55:19.499" level="INFO">Clicking element '//*[@id="app"]/div[2]/div/div/nav/div/a/div'.</msg>
<status status="PASS" starttime="20220413 13:55:19.498" endtime="20220413 13:55:19.563"/>
</kw>
<kw name="Verify Model Creation Exit" library="select_column_resources">
<kw name="Wait Until Page Contains" library="SeleniumLibrary">
<arg>Welcome to Labelf!</arg>
<doc>Waits until ``text`` appears on the current page.</doc>
<status status="PASS" starttime="20220413 13:55:19.564" endtime="20220413 13:55:19.791"/>
</kw>
<status status="PASS" starttime="20220413 13:55:19.563" endtime="20220413 13:55:19.791"/>
</kw>
<status status="PASS" starttime="20220413 13:55:19.498" endtime="20220413 13:55:19.791"/>
</kw>
<status status="PASS" starttime="20220413 13:55:19.045" endtime="20220413 13:55:19.791"/>
</kw>
<doc>Verifies that a user can select a column containing labels</doc>
<tag>AG_18</tag>
<status status="PASS" starttime="20220413 13:55:16.269" endtime="20220413 13:55:19.792"/>
</test>
<test id="s1-t2" name="User Can Select Column Containing The Labels - Dataset 2">
<kw name="Given A Dataset With Existing Labels Has Been Selected - Dataset 2" library="select_column_resources">
<kw name="Press Create New Model" library="createModelResource">
<kw name="Wait Until Page Contains Element" library="SeleniumLibrary">
<arg>${newmodelbutton}</arg>
<doc>Waits until the element ``locator`` appears on the current page.</doc>
<status status="PASS" starttime="20220413 13:55:19.794" endtime="20220413 13:55:19.802"/>
</kw>
<kw name="Click Element" library="SeleniumLibrary">
<arg>${newmodelbutton}</arg>
<doc>Click the element identified by ``locator``.</doc>
<msg timestamp="20220413 13:55:19.803" level="INFO">Clicking element '//*[@id="app"]/div[6]/div[1]/main/div/div/div[1]/nav/div[1]/a'.</msg>
<status status="PASS" starttime="20220413 13:55:19.802" endtime="20220413 13:55:19.849"/>
</kw>
<status status="PASS" starttime="20220413 13:55:19.794" endtime="20220413 13:55:19.849"/>
</kw>
<kw name="Press Continue To Model Creation" library="createModelResource">
<kw name="Wait Until Page Contains Element" library="SeleniumLibrary">
<arg>${continueButton}</arg>
<doc>Waits until the element ``locator`` appears on the current page.</doc>
<status status="PASS" starttime="20220413 13:55:19.850" endtime="20220413 13:55:20.081"/>
</kw>
<kw name="Click Element" library="SeleniumLibrary">
<arg>${continueButton}</arg>
<doc>Click the element identified by ``locator``.</doc>
<msg timestamp="20220413 13:55:20.082" level="INFO">Clicking element '//*[@id="app"]/div[2]/div/div/div[2]/div/div[1]/div/div/div[2]'.</msg>
<status status="PASS" starttime="20220413 13:55:20.082" endtime="20220413 13:55:20.168"/>
</kw>
<status status="PASS" starttime="20220413 13:55:19.849" endtime="20220413 13:55:20.168"/>
</kw>
<kw name="Choose Dataset2" library="select_column_resources">
<kw name="Wait Until Element Is Visible" library="SeleniumLibrary">
<arg>${choose_dataset_cultural_centers}</arg>
<doc>Waits until the element ``locator`` is visible.</doc>
<status status="PASS" starttime="20220413 13:55:20.169" endtime="20220413 13:55:20.186"/>
</kw>
<kw name="Scroll Element Into View" library="SeleniumLibrary">
<arg>${choosedatasetbutton}</arg>
<doc>Scrolls the element identified by ``locator`` into view.</doc>
<status status="PASS" starttime="20220413 13:55:20.187" endtime="20220413 13:55:20.466"/>
</kw>
<kw name="Click Element" library="SeleniumLibrary">
<arg>${choose_dataset_cultural_centers}</arg>
<doc>Click the element identified by ``locator``.</doc>
<msg timestamp="20220413 13:55:20.466" level="INFO">Clicking element '//*[@id="app"]/div[2]/div/div/div[2]/div/div[2]/div/div[2]/div/div[3]/div/div/div[2]/button'.</msg>
<status status="PASS" starttime="20220413 13:55:20.466" endtime="20220413 13:55:20.509"/>
</kw>
<kw name="Wait Until Page Contains" library="SeleniumLibrary">
<arg>Please click on the column containing the text you want to classify</arg>
<doc>Waits until ``text`` appears on the current page.</doc>
<status status="PASS" starttime="20220413 13:55:20.509" endtime="20220413 13:55:20.514"/>
</kw>
<status status="PASS" starttime="20220413 13:55:20.169" endtime="20220413 13:55:20.514"/>
</kw>
<status status="PASS" starttime="20220413 13:55:19.793" endtime="20220413 13:55:20.515"/>
</kw>
<kw name="And &quot;Train Directly On Labels From An Existing Column&quot; Has Been Enabled" library="select_column_resources">
<kw name="Enable Train Directly On Labels" library="select_column_resources">
<kw name="Wait Until Element Is Enabled" library="SeleniumLibrary">
<arg>${label_switch}</arg>
<doc>Waits until the element ``locator`` is enabled.</doc>
<status status="PASS" starttime="20220413 13:55:20.516" endtime="20220413 13:55:20.768"/>
</kw>
<kw name="Click Element" library="SeleniumLibrary">
<arg>${label_switch}</arg>
<doc>Click the element identified by ``locator``.</doc>
<msg timestamp="20220413 13:55:20.769" level="INFO">Clicking element '//*[@id="app"]/div[2]/div/div/div[2]/div/div[3]/div/div/nav/div/div[3]/div[2]/div[1]/div'.</msg>
<status status="PASS" starttime="20220413 13:55:20.768" endtime="20220413 13:55:20.844"/>
</kw>
<status status="PASS" starttime="20220413 13:55:20.516" endtime="20220413 13:55:20.844"/>
</kw>
<kw name="Verify Train Directly On Labels Is Enabled" library="select_column_resources">
<kw name="Wait Until Page Contains" library="SeleniumLibrary">
<arg>Select the column which contains the labels</arg>
<doc>Waits until ``text`` appears on the current page.</doc>
<status status="PASS" starttime="20220413 13:55:20.845" endtime="20220413 13:55:20.852"/>
</kw>
<status status="PASS" starttime="20220413 13:55:20.844" endtime="20220413 13:55:20.852"/>
</kw>
<status status="PASS" starttime="20220413 13:55:20.516" endtime="20220413 13:55:20.852"/>
</kw>
<kw name="When The User Clicks Continue" library="select_column_resources">
<kw name="Press Continue" library="select_column_resources">
<kw name="Wait Until Element Is Visible" library="SeleniumLibrary">
<arg>${continue_button2}</arg>
<doc>Waits until the element ``locator`` is visible.</doc>
<status status="PASS" starttime="20220413 13:55:20.853" endtime="20220413 13:55:20.880"/>
</kw>
<kw name="Click Element" library="SeleniumLibrary">
<arg>${continue_button2}</arg>
<doc>Click the element identified by ``locator``.</doc>
<msg timestamp="20220413 13:55:20.880" level="INFO">Clicking element '//*[@id="app"]/div[2]/div/div/div[2]/div/div[3]/div/div/div[2]/button'.</msg>
<status status="PASS" starttime="20220413 13:55:20.880" endtime="20220413 13:55:20.969"/>
</kw>
<kw name="Verify Continue Is Pressed" library="select_column_resources">
<kw name="Wait Until Page Contains" library="SeleniumLibrary">
<arg>Please click on the column containing the labels</arg>
<doc>Waits until ``text`` appears on the current page.</doc>
<status status="PASS" starttime="20220413 13:55:20.970" endtime="20220413 13:55:20.987"/>
</kw>
<status status="PASS" starttime="20220413 13:55:20.970" endtime="20220413 13:55:20.987"/>
</kw>
<status status="PASS" starttime="20220413 13:55:20.853" endtime="20220413 13:55:20.987"/>
</kw>
<status status="PASS" starttime="20220413 13:55:20.853" endtime="20220413 13:55:20.988"/>
</kw>
<kw name="Then It Shall Be Possible To Select A Column Which Contains The Labels" library="select_column_resources">
<kw name="Press Intent Checkbox" library="select_column_resources">
<kw name="Wait Until Element Is Visible" library="SeleniumLibrary">
<arg>${intent_checkbox}</arg>
<doc>Waits until the element ``locator`` is visible.</doc>
<status status="PASS" starttime="20220413 13:55:20.992" endtime="20220413 13:55:21.013"/>
</kw>
<kw name="Click Element" library="SeleniumLibrary">
<arg>${intent_checkbox}</arg>
<doc>Click the element identified by ``locator``.</doc>
<msg timestamp="20220413 13:55:21.014" level="INFO">Clicking element '//*[@id="app"]/div[2]/div/div/div[2]/div/div[4]/div/div/div[1]/div/table/thead/tr[1]/th[2]'.</msg>
<status status="PASS" starttime="20220413 13:55:21.013" endtime="20220413 13:55:21.072"/>
</kw>
<status status="PASS" starttime="20220413 13:55:20.992" endtime="20220413 13:55:21.074"/>
</kw>
<kw name="Verify Intent Button Is Checked" library="select_column_resources">
<kw name="Get Text" library="SeleniumLibrary">
<var>${check_box2}</var>
<arg>${intent_checkbox}/i</arg>
<doc>Returns the text value of the element identified by ``locator``.</doc>
<msg timestamp="20220413 13:55:21.112" level="INFO">${check_box2} = check_box</msg>
<status status="PASS" starttime="20220413 13:55:21.076" endtime="20220413 13:55:21.112"/>
</kw>
<kw name="Should Be Equal As Strings" library="BuiltIn">
<arg>${check_box2}</arg>
<arg>${checkbox_should_be}</arg>
<doc>Fails if objects are unequal after converting them to strings.</doc>
<status status="PASS" starttime="20220413 13:55:21.112" endtime="20220413 13:55:21.112"/>
</kw>
<status status="PASS" starttime="20220413 13:55:21.075" endtime="20220413 13:55:21.112"/>
</kw>
<kw name="Press Category Checkbox" library="select_column_resources">
<kw name="Wait Until Element Is Visible" library="SeleniumLibrary">
<arg>${category_checkbox}</arg>
<doc>Waits until the element ``locator`` is visible.</doc>
<status status="PASS" starttime="20220413 13:55:21.113" endtime="20220413 13:55:21.134"/>
</kw>
<kw name="Click Element" library="SeleniumLibrary">
<arg>${category_checkbox}</arg>
<doc>Click the element identified by ``locator``.</doc>
<msg timestamp="20220413 13:55:21.134" level="INFO">Clicking element '//*[@id="app"]/div[2]/div/div/div[2]/div/div[4]/div/div/div[1]/div/table/thead/tr[1]/th[1]'.</msg>
<status status="PASS" starttime="20220413 13:55:21.134" endtime="20220413 13:55:21.186"/>
</kw>
<status status="PASS" starttime="20220413 13:55:21.112" endtime="20220413 13:55:21.186"/>
</kw>
<kw name="Verify Category Button Is Checked" library="select_column_resources">
<kw name="Get Text" library="SeleniumLibrary">
<var>${check_box1}</var>
<arg>${category_checkbox}/i</arg>
<doc>Returns the text value of the element identified by ``locator``.</doc>
<msg timestamp="20220413 13:55:21.213" level="INFO">${check_box1} = check_box</msg>
<status status="PASS" starttime="20220413 13:55:21.186" endtime="20220413 13:55:21.213"/>
</kw>
<kw name="Should Be Equal As Strings" library="BuiltIn">
<arg>${check_box1}</arg>
<arg>${checkbox_should_be}</arg>
<doc>Fails if objects are unequal after converting them to strings.</doc>
<status status="PASS" starttime="20220413 13:55:21.213" endtime="20220413 13:55:21.214"/>
</kw>
<status status="PASS" starttime="20220413 13:55:21.186" endtime="20220413 13:55:21.214"/>
</kw>
<kw name="Exit Model Creation" library="select_column_resources">
<kw name="Click Element" library="SeleniumLibrary">
<arg>${exit_button}</arg>
<doc>Click the element identified by ``locator``.</doc>
<msg timestamp="20220413 13:55:21.214" level="INFO">Clicking element '//*[@id="app"]/div[2]/div/div/nav/div/a/div'.</msg>
<status status="PASS" starttime="20220413 13:55:21.214" endtime="20220413 13:55:21.268"/>
</kw>
<kw name="Verify Model Creation Exit" library="select_column_resources">
<kw name="Wait Until Page Contains" library="SeleniumLibrary">
<arg>Welcome to Labelf!</arg>
<doc>Waits until ``text`` appears on the current page.</doc>
<status status="PASS" starttime="20220413 13:55:21.268" endtime="20220413 13:55:21.502"/>
</kw>
<status status="PASS" starttime="20220413 13:55:21.268" endtime="20220413 13:55:21.502"/>
</kw>
<status status="PASS" starttime="20220413 13:55:21.214" endtime="20220413 13:55:21.502"/>
</kw>
<status status="PASS" starttime="20220413 13:55:20.990" endtime="20220413 13:55:21.502"/>
</kw>
<doc>Verifies that a user can select a column containing labels</doc>
<tag>AG_18</tag>
<status status="PASS" starttime="20220413 13:55:19.793" endtime="20220413 13:55:21.503"/>
</test>
<test id="s1-t3" name="User Can Select Column Containing The Labels - Dataset 3">
<kw name="Given A Dataset With Existing Labels Has Been Selected - Dataset 3" library="select_column_resources">
<kw name="Press Create New Model" library="createModelResource">
<kw name="Wait Until Page Contains Element" library="SeleniumLibrary">
<arg>${newmodelbutton}</arg>
<doc>Waits until the element ``locator`` appears on the current page.</doc>
<status status="PASS" starttime="20220413 13:55:21.508" endtime="20220413 13:55:21.518"/>
</kw>
<kw name="Click Element" library="SeleniumLibrary">
<arg>${newmodelbutton}</arg>
<doc>Click the element identified by ``locator``.</doc>
<msg timestamp="20220413 13:55:21.518" level="INFO">Clicking element '//*[@id="app"]/div[6]/div[1]/main/div/div/div[1]/nav/div[1]/a'.</msg>
<status status="PASS" starttime="20220413 13:55:21.518" endtime="20220413 13:55:21.570"/>
</kw>
<status status="PASS" starttime="20220413 13:55:21.507" endtime="20220413 13:55:21.570"/>
</kw>
<kw name="Press Continue To Model Creation" library="createModelResource">
<kw name="Wait Until Page Contains Element" library="SeleniumLibrary">
<arg>${continueButton}</arg>
<doc>Waits until the element ``locator`` appears on the current page.</doc>
<status status="PASS" starttime="20220413 13:55:21.571" endtime="20220413 13:55:21.815"/>
</kw>
<kw name="Click Element" library="SeleniumLibrary">
<arg>${continueButton}</arg>
<doc>Click the element identified by ``locator``.</doc>
<msg timestamp="20220413 13:55:21.816" level="INFO">Clicking element '//*[@id="app"]/div[2]/div/div/div[2]/div/div[1]/div/div/div[2]'.</msg>
<status status="PASS" starttime="20220413 13:55:21.816" endtime="20220413 13:55:21.925"/>
</kw>
<status status="PASS" starttime="20220413 13:55:21.570" endtime="20220413 13:55:21.926"/>
</kw>
<kw name="Choose Dataset3" library="select_column_resources">
<kw name="Wait Until Element Is Visible" library="SeleniumLibrary">
<arg>${choose_dataset_customer_support}</arg>
<doc>Waits until the element ``locator`` is visible.</doc>
<status status="PASS" starttime="20220413 13:55:21.927" endtime="20220413 13:55:21.949"/>
</kw>
<kw name="Scroll Element Into View" library="SeleniumLibrary">
<arg>${choosedatasetbutton}</arg>
<doc>Scrolls the element identified by ``locator`` into view.</doc>
<status status="PASS" starttime="20220413 13:55:21.949" endtime="20220413 13:55:22.228"/>
</kw>
<kw name="Click Element" library="SeleniumLibrary">
<arg>${choose_dataset_customer_support}</arg>
<doc>Click the element identified by ``locator``.</doc>
<msg timestamp="20220413 13:55:22.230" level="INFO">Clicking element '//*[@id="app"]/div[2]/div/div/div[2]/div/div[2]/div/div[2]/div/div[1]/div/div/div[2]/button'.</msg>
<status status="PASS" starttime="20220413 13:55:22.228" endtime="20220413 13:55:22.308"/>
</kw>
<kw name="Wait Until Page Contains" library="SeleniumLibrary">
<arg>Please click on the column containing the text you want to classify</arg>
<doc>Waits until ``text`` appears on the current page.</doc>
<status status="PASS" starttime="20220413 13:55:22.308" endtime="20220413 13:55:22.314"/>
</kw>
<status status="PASS" starttime="20220413 13:55:21.926" endtime="20220413 13:55:22.314"/>
</kw>
<status status="PASS" starttime="20220413 13:55:21.507" endtime="20220413 13:55:22.314"/>
</kw>
<kw name="And &quot;Train Directly On Labels From An Existing Column&quot; Has Been Enabled" library="select_column_resources">
<kw name="Enable Train Directly On Labels" library="select_column_resources">
<kw name="Wait Until Element Is Enabled" library="SeleniumLibrary">
<arg>${label_switch}</arg>
<doc>Waits until the element ``locator`` is enabled.</doc>
<status status="PASS" starttime="20220413 13:55:22.315" endtime="20220413 13:55:22.549"/>
</kw>
<kw name="Click Element" library="SeleniumLibrary">
<arg>${label_switch}</arg>
<doc>Click the element identified by ``locator``.</doc>
<msg timestamp="20220413 13:55:22.549" level="INFO">Clicking element '//*[@id="app"]/div[2]/div/div/div[2]/div/div[3]/div/div/nav/div/div[3]/div[2]/div[1]/div'.</msg>
<status status="PASS" starttime="20220413 13:55:22.549" endtime="20220413 13:55:22.613"/>
</kw>
<status status="PASS" starttime="20220413 13:55:22.314" endtime="20220413 13:55:22.613"/>
</kw>
<kw name="Verify Train Directly On Labels Is Enabled" library="select_column_resources">
<kw name="Wait Until Page Contains" library="SeleniumLibrary">
<arg>Select the column which contains the labels</arg>
<doc>Waits until ``text`` appears on the current page.</doc>
<status status="PASS" starttime="20220413 13:55:22.614" endtime="20220413 13:55:22.627"/>
</kw>
<status status="PASS" starttime="20220413 13:55:22.613" endtime="20220413 13:55:22.627"/>
</kw>
<status status="PASS" starttime="20220413 13:55:22.314" endtime="20220413 13:55:22.627"/>
</kw>
<kw name="When The User Clicks Continue" library="select_column_resources">
<kw name="Press Continue" library="select_column_resources">
<kw name="Wait Until Element Is Visible" library="SeleniumLibrary">
<arg>${continue_button2}</arg>
<doc>Waits until the element ``locator`` is visible.</doc>
<status status="PASS" starttime="20220413 13:55:22.628" endtime="20220413 13:55:22.647"/>
</kw>
<kw name="Click Element" library="SeleniumLibrary">
<arg>${continue_button2}</arg>
<doc>Click the element identified by ``locator``.</doc>
<msg timestamp="20220413 13:55:22.647" level="INFO">Clicking element '//*[@id="app"]/div[2]/div/div/div[2]/div/div[3]/div/div/div[2]/button'.</msg>
<status status="PASS" starttime="20220413 13:55:22.647" endtime="20220413 13:55:22.729"/>
</kw>
<kw name="Verify Continue Is Pressed" library="select_column_resources">
<kw name="Wait Until Page Contains" library="SeleniumLibrary">
<arg>Please click on the column containing the labels</arg>
<doc>Waits until ``text`` appears on the current page.</doc>
<status status="PASS" starttime="20220413 13:55:22.730" endtime="20220413 13:55:22.746"/>
</kw>
<status status="PASS" starttime="20220413 13:55:22.730" endtime="20220413 13:55:22.746"/>
</kw>
<status status="PASS" starttime="20220413 13:55:22.628" endtime="20220413 13:55:22.746"/>
</kw>
<status status="PASS" starttime="20220413 13:55:22.627" endtime="20220413 13:55:22.746"/>
</kw>
<kw name="Then The Column That Contains The Labels Has Been Selected" library="select_column_resources">
<kw name="Verify Category Button Is Checked No Choice" library="select_column_resources">
<kw name="Wait Until Element Is Visible" library="SeleniumLibrary">
<arg>${category_checkbox_one_choice}</arg>
<doc>Waits until the element ``locator`` is visible.</doc>
<status status="PASS" starttime="20220413 13:55:22.748" endtime="20220413 13:55:23.030"/>
</kw>
<kw name="Get Text" library="SeleniumLibrary">
<var>${check_box3}</var>
<arg>${category_checkbox_one_choice}</arg>
<doc>Returns the text value of the element identified by ``locator``.</doc>
<msg timestamp="20220413 13:55:23.066" level="INFO">${check_box3} = check_box</msg>
<status status="PASS" starttime="20220413 13:55:23.031" endtime="20220413 13:55:23.066"/>
</kw>
<kw name="Should Be Equal As Strings" library="BuiltIn">
<arg>${check_box3}</arg>
<arg>${checkbox_should_be}</arg>
<doc>Fails if objects are unequal after converting them to strings.</doc>
<status status="PASS" starttime="20220413 13:55:23.067" endtime="20220413 13:55:23.067"/>
</kw>
<status status="PASS" starttime="20220413 13:55:22.747" endtime="20220413 13:55:23.067"/>
</kw>
<kw name="Exit Model Creation" library="select_column_resources">
<kw name="Click Element" library="SeleniumLibrary">
<arg>${exit_button}</arg>
<doc>Click the element identified by ``locator``.</doc>
<msg timestamp="20220413 13:55:23.068" level="INFO">Clicking element '//*[@id="app"]/div[2]/div/div/nav/div/a/div'.</msg>
<status status="PASS" starttime="20220413 13:55:23.068" endtime="20220413 13:55:23.112"/>
</kw>
<kw name="Verify Model Creation Exit" library="select_column_resources">
<kw name="Wait Until Page Contains" library="SeleniumLibrary">
<arg>Welcome to Labelf!</arg>
<doc>Waits until ``text`` appears on the current page.</doc>
<status status="PASS" starttime="20220413 13:55:23.113" endtime="20220413 13:55:23.338"/>
</kw>
<status status="PASS" starttime="20220413 13:55:23.112" endtime="20220413 13:55:23.338"/>
</kw>
<status status="PASS" starttime="20220413 13:55:23.067" endtime="20220413 13:55:23.339"/>
</kw>
<status status="PASS" starttime="20220413 13:55:22.747" endtime="20220413 13:55:23.339"/>
</kw>
<doc>Verifies that a column is automatically selected when only one column exists</doc>
<tag>AG_18</tag>
<status status="PASS" starttime="20220413 13:55:21.505" endtime="20220413 13:55:23.341"/>
</test>
<test id="s1-t4" name="User Can Select Column Containing The Labels - Dataset 4">
<kw name="Given A Dataset With Existing Labels Has Been Selected - Dataset 4" library="select_column_resources">
<kw name="Press Create New Model" library="createModelResource">
<kw name="Wait Until Page Contains Element" library="SeleniumLibrary">
<arg>${newmodelbutton}</arg>
<doc>Waits until the element ``locator`` appears on the current page.</doc>
<status status="PASS" starttime="20220413 13:55:23.347" endtime="20220413 13:55:23.362"/>
</kw>
<kw name="Click Element" library="SeleniumLibrary">
<arg>${newmodelbutton}</arg>
<doc>Click the element identified by ``locator``.</doc>
<msg timestamp="20220413 13:55:23.362" level="INFO">Clicking element '//*[@id="app"]/div[6]/div[1]/main/div/div/div[1]/nav/div[1]/a'.</msg>
<status status="PASS" starttime="20220413 13:55:23.362" endtime="20220413 13:55:23.431"/>
</kw>
<status status="PASS" starttime="20220413 13:55:23.347" endtime="20220413 13:55:23.431"/>
</kw>
<kw name="Press Continue To Model Creation" library="createModelResource">
<kw name="Wait Until Page Contains Element" library="SeleniumLibrary">
<arg>${continueButton}</arg>
<doc>Waits until the element ``locator`` appears on the current page.</doc>
<status status="PASS" starttime="20220413 13:55:23.431" endtime="20220413 13:55:23.674"/>
</kw>
<kw name="Click Element" library="SeleniumLibrary">
<arg>${continueButton}</arg>
<doc>Click the element identified by ``locator``.</doc>
<msg timestamp="20220413 13:55:23.674" level="INFO">Clicking element '//*[@id="app"]/div[2]/div/div/div[2]/div/div[1]/div/div/div[2]'.</msg>
<status status="PASS" starttime="20220413 13:55:23.674" endtime="20220413 13:55:23.763"/>
</kw>
<status status="PASS" starttime="20220413 13:55:23.431" endtime="20220413 13:55:23.763"/>
</kw>
<kw name="Choose Dataset4" library="select_column_resources">
<kw name="Wait Until Element Is Visible" library="SeleniumLibrary">
<arg>${choose_dataset_no_labels}</arg>
<doc>Waits until the element ``locator`` is visible.</doc>
<status status="PASS" starttime="20220413 13:55:23.764" endtime="20220413 13:55:23.786"/>
</kw>
<kw name="Scroll Element Into View" library="SeleniumLibrary">
<arg>${choosedatasetbutton}</arg>
<doc>Scrolls the element identified by ``locator`` into view.</doc>
<status status="PASS" starttime="20220413 13:55:23.787" endtime="20220413 13:55:24.061"/>
</kw>
<kw name="Click Element" library="SeleniumLibrary">
<arg>${choose_dataset_no_labels}</arg>
<doc>Click the element identified by ``locator``.</doc>
<msg timestamp="20220413 13:55:24.063" level="INFO">Clicking element '//*[@id="app"]/div[2]/div/div/div[2]/div/div[2]/div/div[2]/div/div[4]/div/div/div[2]/button'.</msg>
<status status="PASS" starttime="20220413 13:55:24.062" endtime="20220413 13:55:24.139"/>
</kw>
<kw name="Wait Until Page Contains" library="SeleniumLibrary">
<arg>Please click on the column containing the text you want to classify</arg>
<doc>Waits until ``text`` appears on the current page.</doc>
<status status="PASS" starttime="20220413 13:55:24.140" endtime="20220413 13:55:24.145"/>
</kw>
<status status="PASS" starttime="20220413 13:55:23.763" endtime="20220413 13:55:24.145"/>
</kw>
<status status="PASS" starttime="20220413 13:55:23.346" endtime="20220413 13:55:24.145"/>
</kw>
<kw name="And &quot;Train Directly On Labels From An Existing Column&quot; Has Been Enabled" library="select_column_resources">
<kw name="Enable Train Directly On Labels" library="select_column_resources">
<kw name="Wait Until Element Is Enabled" library="SeleniumLibrary">
<arg>${label_switch}</arg>
<doc>Waits until the element ``locator`` is enabled.</doc>
<status status="PASS" starttime="20220413 13:55:24.146" endtime="20220413 13:55:24.395"/>
</kw>
<kw name="Click Element" library="SeleniumLibrary">
<arg>${label_switch}</arg>
<doc>Click the element identified by ``locator``.</doc>
<msg timestamp="20220413 13:55:24.396" level="INFO">Clicking element '//*[@id="app"]/div[2]/div/div/div[2]/div/div[3]/div/div/nav/div/div[3]/div[2]/div[1]/div'.</msg>
<status status="PASS" starttime="20220413 13:55:24.395" endtime="20220413 13:55:24.464"/>
</kw>
<status status="PASS" starttime="20220413 13:55:24.146" endtime="20220413 13:55:24.464"/>
</kw>
<kw name="Verify Train Directly On Labels Is Enabled" library="select_column_resources">
<kw name="Wait Until Page Contains" library="SeleniumLibrary">
<arg>Select the column which contains the labels</arg>
<doc>Waits until ``text`` appears on the current page.</doc>
<status status="PASS" starttime="20220413 13:55:24.465" endtime="20220413 13:55:24.476"/>
</kw>
<status status="PASS" starttime="20220413 13:55:24.464" endtime="20220413 13:55:24.476"/>
</kw>
<status status="PASS" starttime="20220413 13:55:24.146" endtime="20220413 13:55:24.476"/>
</kw>
<kw name="When The User Clicks Continue" library="select_column_resources">
<kw name="Press Continue" library="select_column_resources">
<kw name="Wait Until Element Is Visible" library="SeleniumLibrary">
<arg>${continue_button2}</arg>
<doc>Waits until the element ``locator`` is visible.</doc>
<status status="PASS" starttime="20220413 13:55:24.477" endtime="20220413 13:55:24.496"/>
</kw>
<kw name="Click Element" library="SeleniumLibrary">
<arg>${continue_button2}</arg>
<doc>Click the element identified by ``locator``.</doc>
<msg timestamp="20220413 13:55:24.497" level="INFO">Clicking element '//*[@id="app"]/div[2]/div/div/div[2]/div/div[3]/div/div/div[2]/button'.</msg>
<status status="PASS" starttime="20220413 13:55:24.497" endtime="20220413 13:55:24.602"/>
</kw>
<kw name="Verify Continue Is Pressed" library="select_column_resources">
<kw name="Wait Until Page Contains" library="SeleniumLibrary">
<arg>Please click on the column containing the labels</arg>
<doc>Waits until ``text`` appears on the current page.</doc>
<status status="PASS" starttime="20220413 13:55:24.603" endtime="20220413 13:55:24.618"/>
</kw>
<status status="PASS" starttime="20220413 13:55:24.602" endtime="20220413 13:55:24.618"/>
</kw>
<status status="PASS" starttime="20220413 13:55:24.477" endtime="20220413 13:55:24.619"/>
</kw>
<status status="PASS" starttime="20220413 13:55:24.476" endtime="20220413 13:55:24.619"/>
</kw>
<kw name="Then The Column That Contains The Labels Has Been Selected" library="select_column_resources">
<kw name="Verify Category Button Is Checked No Choice" library="select_column_resources">
<kw name="Wait Until Element Is Visible" library="SeleniumLibrary">
<arg>${category_checkbox_one_choice}</arg>
<doc>Waits until the element ``locator`` is visible.</doc>
<status status="PASS" starttime="20220413 13:55:24.622" endtime="20220413 13:55:24.927"/>
</kw>
<kw name="Get Text" library="SeleniumLibrary">
<var>${check_box3}</var>
<arg>${category_checkbox_one_choice}</arg>
<doc>Returns the text value of the element identified by ``locator``.</doc>
<msg timestamp="20220413 13:55:24.954" level="INFO">${check_box3} = check_box</msg>
<status status="PASS" starttime="20220413 13:55:24.927" endtime="20220413 13:55:24.954"/>
</kw>
<kw name="Should Be Equal As Strings" library="BuiltIn">
<arg>${check_box3}</arg>
<arg>${checkbox_should_be}</arg>
<doc>Fails if objects are unequal after converting them to strings.</doc>
<status status="PASS" starttime="20220413 13:55:24.955" endtime="20220413 13:55:24.955"/>
</kw>
<status status="PASS" starttime="20220413 13:55:24.620" endtime="20220413 13:55:24.955"/>
</kw>
<kw name="Exit Model Creation" library="select_column_resources">
<kw name="Click Element" library="SeleniumLibrary">
<arg>${exit_button}</arg>
<doc>Click the element identified by ``locator``.</doc>
<msg timestamp="20220413 13:55:24.956" level="INFO">Clicking element '//*[@id="app"]/div[2]/div/div/nav/div/a/div'.</msg>
<status status="PASS" starttime="20220413 13:55:24.956" endtime="20220413 13:55:24.999"/>
</kw>
<kw name="Verify Model Creation Exit" library="select_column_resources">
<kw name="Wait Until Page Contains" library="SeleniumLibrary">
<arg>Welcome to Labelf!</arg>
<doc>Waits until ``text`` appears on the current page.</doc>
<status status="PASS" starttime="20220413 13:55:25.001" endtime="20220413 13:55:25.244"/>
</kw>
<status status="PASS" starttime="20220413 13:55:24.999" endtime="20220413 13:55:25.244"/>
</kw>
<status status="PASS" starttime="20220413 13:55:24.956" endtime="20220413 13:55:25.245"/>
</kw>
<status status="PASS" starttime="20220413 13:55:24.619" endtime="20220413 13:55:25.245"/>
</kw>
<doc>Verifies that a column is automatically selected when only one column exists</doc>
<tag>AG_18</tag>
<status status="PASS" starttime="20220413 13:55:23.344" endtime="20220413 13:55:25.247"/>
</test>
<kw name="End WebTest" library="mainResource" type="TEARDOWN">
<kw name="Close All Browsers" library="SeleniumLibrary">
<doc>Closes all open browsers and resets the browser cache.</doc>
<status status="PASS" starttime="20220413 13:55:25.254" endtime="20220413 13:55:27.448"/>
</kw>
<status status="PASS" starttime="20220413 13:55:25.253" endtime="20220413 13:55:27.449"/>
</kw>
<status status="PASS" starttime="20220413 13:55:12.572" endtime="20220413 13:55:27.449"/>
</suite>
<statistics>
<total>
<stat pass="4" fail="0" skip="0">All Tests</stat>
</total>
<tag>
<stat pass="4" fail="0" skip="0">AG_18</stat>
</tag>
<suite>
<stat pass="4" fail="0" skip="0" id="s1" name="Select Column">Select Column</stat>
</suite>
</statistics>
<errors>
</errors>
</robot>
